2017-07-28 11:35:26.172 [main] INFO  o.s.c.a.AnnotationConfigApplicationContext -Refreshing org.springframework.context.annotation.AnnotationConfigApplicationContext@1f2495d: startup date [Fri Jul 28 11:35:26 CST 2017]; root of context hierarchy
2017-07-28 11:35:26.456 [main] INFO  o.s.b.f.a.AutowiredAnnotationBeanPostProcessor -JSR-330 'javax.inject.Inject' annotation found and supported for autowiring
2017-07-28 11:35:26.488 [main] INFO  o.s.c.s.PostProcessorRegistrationDelegate$BeanPostProcessorChecker -Bean 'configurationPropertiesRebinderAutoConfiguration' of type [org.springframework.cloud.autoconfigure.ConfigurationPropertiesRebinderAutoConfiguration$$EnhancerBySpringCGLIB$$bc6c6cff] is not eligible for getting processed by all BeanPostProcessors (for example: not eligible for auto-proxying)
2017-07-28 11:35:26.546 [main] INFO  o.h.validator.internal.util.Version -HV000001: Hibernate Validator 5.3.4.Final
2017-07-28 11:35:26.802 [main] INFO  com.cloud.EurekaServer -No active profile set, falling back to default profiles: default
2017-07-28 11:35:26.812 [main] INFO  o.s.b.c.e.AnnotationConfigEmbeddedWebApplicationContext -Refreshing org.springframework.boot.context.embedded.AnnotationConfigEmbeddedWebApplicationContext@621dd45b: startup date [Fri Jul 28 11:35:26 CST 2017]; parent: org.springframework.context.annotation.AnnotationConfigApplicationContext@1f2495d
2017-07-28 11:35:27.543 [main] WARN  o.s.c.a.ConfigurationClassPostProcessor -Cannot enhance @Configuration bean definition 'refreshScope' since its singleton instance has been created too early. The typical cause is a non-static @Bean method with a BeanDefinitionRegistryPostProcessor return type: Consider declaring such methods as 'static'.
2017-07-28 11:35:27.734 [main] INFO  o.s.cloud.context.scope.GenericScope -BeanFactory id=1a19708b-cec9-34c6-98c6-f84ed78309e0
2017-07-28 11:35:27.754 [main] INFO  o.s.b.f.a.AutowiredAnnotationBeanPostProcessor -JSR-330 'javax.inject.Inject' annotation found and supported for autowiring
2017-07-28 11:35:27.876 [main] INFO  o.s.c.s.PostProcessorRegistrationDelegate$BeanPostProcessorChecker -Bean 'org.springframework.cloud.autoconfigure.ConfigurationPropertiesRebinderAutoConfiguration' of type [org.springframework.cloud.autoconfigure.ConfigurationPropertiesRebinderAutoConfiguration$$EnhancerBySpringCGLIB$$bc6c6cff] is not eligible for getting processed by all BeanPostProcessors (for example: not eligible for auto-proxying)
2017-07-28 11:35:28.119 [main] INFO  o.s.b.c.e.t.TomcatEmbeddedServletContainer -Tomcat initialized with port(s): 7070 (http)
2017-07-28 11:35:28.129 [main] INFO  o.a.catalina.core.StandardService -Starting service Tomcat
2017-07-28 11:35:28.129 [main] INFO  o.a.catalina.core.StandardEngine -Starting Servlet Engine: Apache Tomcat/8.5.11
2017-07-28 11:35:28.219 [localhost-startStop-1] INFO  o.a.c.c.C.[Tomcat].[localhost].[/] -Initializing Spring embedded WebApplicationContext
2017-07-28 11:35:28.219 [localhost-startStop-1] INFO  o.s.web.context.ContextLoader -Root WebApplicationContext: initialization completed in 1407 ms
2017-07-28 11:35:29.009 [localhost-startStop-1] INFO  o.s.b.w.s.FilterRegistrationBean -Mapping filter: 'metricsFilter' to: [/*]
2017-07-28 11:35:29.009 [localhost-startStop-1] INFO  o.s.b.w.s.FilterRegistrationBean -Mapping filter: 'characterEncodingFilter' to: [/*]
2017-07-28 11:35:29.019 [localhost-startStop-1] INFO  o.s.b.w.s.FilterRegistrationBean -Mapping filter: 'hiddenHttpMethodFilter' to: [/*]
2017-07-28 11:35:29.019 [localhost-startStop-1] INFO  o.s.b.w.s.FilterRegistrationBean -Mapping filter: 'httpPutFormContentFilter' to: [/*]
2017-07-28 11:35:29.019 [localhost-startStop-1] INFO  o.s.b.w.s.FilterRegistrationBean -Mapping filter: 'requestContextFilter' to: [/*]
2017-07-28 11:35:29.019 [localhost-startStop-1] INFO  o.s.b.w.s.FilterRegistrationBean -Mapping filter: 'webRequestTraceFilter' to: [/*]
2017-07-28 11:35:29.019 [localhost-startStop-1] INFO  o.s.b.w.s.FilterRegistrationBean -Mapping filter: 'servletContainer' to urls: [/eureka/*]
2017-07-28 11:35:29.019 [localhost-startStop-1] INFO  o.s.b.w.s.FilterRegistrationBean -Mapping filter: 'applicationContextIdFilter' to: [/*]
2017-07-28 11:35:29.019 [localhost-startStop-1] INFO  o.s.b.w.s.ServletRegistrationBean -Mapping servlet: 'dispatcherServlet' to [/]
2017-07-28 11:35:29.089 [localhost-startStop-1] INFO  c.s.j.s.i.a.WebApplicationImpl -Initiating Jersey application, version 'Jersey: 1.19.1 03/11/2016 02:08 PM'
2017-07-28 11:35:29.139 [localhost-startStop-1] INFO  c.n.d.p.DiscoveryJerseyProvider -Using JSON encoding codec LegacyJacksonJson
2017-07-28 11:35:29.139 [localhost-startStop-1] INFO  c.n.d.p.DiscoveryJerseyProvider -Using JSON decoding codec LegacyJacksonJson
2017-07-28 11:35:29.209 [localhost-startStop-1] INFO  c.n.d.p.DiscoveryJerseyProvider -Using XML encoding codec XStreamXml
2017-07-28 11:35:29.209 [localhost-startStop-1] INFO  c.n.d.p.DiscoveryJerseyProvider -Using XML decoding codec XStreamXml
2017-07-28 11:35:29.599 [main] INFO  o.s.c.n.eureka.InstanceInfoFactory -Setting initial instance status as: STARTING
2017-07-28 11:35:29.629 [main] INFO  c.netflix.discovery.DiscoveryClient -Client configured to neither register nor query for data.
2017-07-28 11:35:29.629 [main] INFO  c.netflix.discovery.DiscoveryClient -Discovery Client initialized at timestamp 1501212929629 with initial instances count: 0
2017-07-28 11:35:29.699 [main] INFO  c.n.e.DefaultEurekaServerContext -Initializing ...
2017-07-28 11:35:29.699 [main] INFO  c.n.eureka.cluster.PeerEurekaNodes -Adding new peer nodes [http://localhost:7070/eureka/]
2017-07-28 11:35:29.859 [main] INFO  c.n.d.p.DiscoveryJerseyProvider -Using JSON encoding codec LegacyJacksonJson
2017-07-28 11:35:29.859 [main] INFO  c.n.d.p.DiscoveryJerseyProvider -Using JSON decoding codec LegacyJacksonJson
2017-07-28 11:35:29.859 [main] INFO  c.n.d.p.DiscoveryJerseyProvider -Using XML encoding codec XStreamXml
2017-07-28 11:35:29.859 [main] INFO  c.n.d.p.DiscoveryJerseyProvider -Using XML decoding codec XStreamXml
2017-07-28 11:35:29.939 [main] INFO  c.n.eureka.cluster.PeerEurekaNodes -Replica node URL:  http://localhost:7070/eureka/
2017-07-28 11:35:29.939 [main] INFO  c.n.e.r.AbstractInstanceRegistry -Finished initializing remote region registries. All known remote regions: []
2017-07-28 11:35:29.939 [main] INFO  c.n.e.DefaultEurekaServerContext -Initialized
2017-07-28 11:35:30.331 [main] INFO  o.s.w.s.m.m.a.RequestMappingHandlerAdapter -Looking for @ControllerAdvice: org.springframework.boot.context.embedded.AnnotationConfigEmbeddedWebApplicationContext@621dd45b: startup date [Fri Jul 28 11:35:26 CST 2017]; parent: org.springframework.context.annotation.AnnotationConfigApplicationContext@1f2495d
2017-07-28 11:35:30.411 [main] INFO  o.s.w.s.m.m.a.RequestMappingHandlerMapping -Mapped "{[/],methods=[GET]}" onto public java.lang.String org.springframework.cloud.netflix.eureka.server.EurekaController.status(javax.servlet.http.HttpServletRequest,java.util.Map<java.lang.String, java.lang.Object>)
2017-07-28 11:35:30.411 [main] INFO  o.s.w.s.m.m.a.RequestMappingHandlerMapping -Mapped "{[/lastn],methods=[GET]}" onto public java.lang.String org.springframework.cloud.netflix.eureka.server.EurekaController.lastn(javax.servlet.http.HttpServletRequest,java.util.Map<java.lang.String, java.lang.Object>)
2017-07-28 11:35:30.411 [main] INFO  o.s.w.s.m.m.a.RequestMappingHandlerMapping -Mapped "{[/error]}" onto public org.springframework.http.ResponseEntity<java.util.Map<java.lang.String, java.lang.Object>> org.springframework.boot.autoconfigure.web.BasicErrorController.error(javax.servlet.http.HttpServletRequest)
2017-07-28 11:35:30.411 [main] INFO  o.s.w.s.m.m.a.RequestMappingHandlerMapping -Mapped "{[/error],produces=[text/html]}" onto public org.springframework.web.servlet.ModelAndView org.springframework.boot.autoconfigure.web.BasicErrorController.errorHtml(javax.servlet.http.HttpServletRequest,javax.servlet.http.HttpServletResponse)
2017-07-28 11:35:30.471 [main] INFO  o.s.w.s.h.SimpleUrlHandlerMapping -Mapped URL path [/webjars/**] onto handler of type [class org.springframework.web.servlet.resource.ResourceHttpRequestHandler]
2017-07-28 11:35:30.471 [main] INFO  o.s.w.s.h.SimpleUrlHandlerMapping -Mapped URL path [/**] onto handler of type [class org.springframework.web.servlet.resource.ResourceHttpRequestHandler]
2017-07-28 11:35:30.521 [main] INFO  o.s.w.s.h.SimpleUrlHandlerMapping -Mapped URL path [/**/favicon.ico] onto handler of type [class org.springframework.web.servlet.resource.ResourceHttpRequestHandler]
2017-07-28 11:35:31.079 [main] INFO  o.s.b.a.e.mvc.EndpointHandlerMapping -Mapped "{[/dump || /dump.json],methods=[GET],produces=[application/vnd.spring-boot.actuator.v1+json || application/json]}" onto public java.lang.Object org.springframework.boot.actuate.endpoint.mvc.EndpointMvcAdapter.invoke()
2017-07-28 11:35:31.079 [main] INFO  o.s.b.a.e.mvc.EndpointHandlerMapping -Mapped "{[/resume || /resume.json],methods=[POST]}" onto public java.lang.Object org.springframework.cloud.endpoint.GenericPostableMvcEndpoint.invoke()
2017-07-28 11:35:31.079 [main] INFO  o.s.b.a.e.mvc.EndpointHandlerMapping -Mapped "{[/env],methods=[POST]}" onto public java.lang.Object org.springframework.cloud.context.environment.EnvironmentManagerMvcEndpoint.value(java.util.Map<java.lang.String, java.lang.String>)
2017-07-28 11:35:31.079 [main] INFO  o.s.b.a.e.mvc.EndpointHandlerMapping -Mapped "{[/env/reset],methods=[POST]}" onto public java.util.Map<java.lang.String, java.lang.Object> org.springframework.cloud.context.environment.EnvironmentManagerMvcEndpoint.reset()
2017-07-28 11:35:31.079 [main] INFO  o.s.b.a.e.mvc.EndpointHandlerMapping -Mapped "{[/trace || /trace.json],methods=[GET],produces=[application/vnd.spring-boot.actuator.v1+json || application/json]}" onto public java.lang.Object org.springframework.boot.actuate.endpoint.mvc.EndpointMvcAdapter.invoke()
2017-07-28 11:35:31.079 [main] INFO  o.s.b.a.e.mvc.EndpointHandlerMapping -Mapped "{[/beans || /beans.json],methods=[GET],produces=[application/vnd.spring-boot.actuator.v1+json || application/json]}" onto public java.lang.Object org.springframework.boot.actuate.endpoint.mvc.EndpointMvcAdapter.invoke()
2017-07-28 11:35:31.079 [main] INFO  o.s.b.a.e.mvc.EndpointHandlerMapping -Mapped "{[/features || /features.json],methods=[GET],produces=[application/vnd.spring-boot.actuator.v1+json || application/json]}" onto public java.lang.Object org.springframework.boot.actuate.endpoint.mvc.EndpointMvcAdapter.invoke()
2017-07-28 11:35:31.079 [main] INFO  o.s.b.a.e.mvc.EndpointHandlerMapping -Mapped "{[/configprops || /configprops.json],methods=[GET],produces=[application/vnd.spring-boot.actuator.v1+json || application/json]}" onto public java.lang.Object org.springframework.boot.actuate.endpoint.mvc.EndpointMvcAdapter.invoke()
2017-07-28 11:35:31.089 [main] INFO  o.s.b.a.e.mvc.EndpointHandlerMapping -Mapped "{[/loggers/{name:.*}],methods=[GET],produces=[application/vnd.spring-boot.actuator.v1+json || application/json]}" onto public java.lang.Object org.springframework.boot.actuate.endpoint.mvc.LoggersMvcEndpoint.get(java.lang.String)
2017-07-28 11:35:31.089 [main] INFO  o.s.b.a.e.mvc.EndpointHandlerMapping -Mapped "{[/loggers/{name:.*}],methods=[POST],consumes=[application/vnd.spring-boot.actuator.v1+json || application/json],produces=[application/vnd.spring-boot.actuator.v1+json || application/json]}" onto public java.lang.Object org.springframework.boot.actuate.endpoint.mvc.LoggersMvcEndpoint.set(java.lang.String,java.util.Map<java.lang.String, java.lang.String>)
2017-07-28 11:35:31.089 [main] INFO  o.s.b.a.e.mvc.EndpointHandlerMapping -Mapped "{[/loggers || /loggers.json],methods=[GET],produces=[application/vnd.spring-boot.actuator.v1+json || application/json]}" onto public java.lang.Object org.springframework.boot.actuate.endpoint.mvc.EndpointMvcAdapter.invoke()
2017-07-28 11:35:31.089 [main] INFO  o.s.b.a.e.mvc.EndpointHandlerMapping -Mapped "{[/heapdump || /heapdump.json],methods=[GET],produces=[application/octet-stream]}" onto public void org.springframework.boot.actuate.endpoint.mvc.HeapdumpMvcEndpoint.invoke(boolean,javax.servlet.http.HttpServletRequest,javax.servlet.http.HttpServletResponse) throws java.io.IOException,javax.servlet.ServletException
2017-07-28 11:35:31.089 [main] INFO  o.s.b.a.e.mvc.EndpointHandlerMapping -Mapped "{[/autoconfig || /autoconfig.json],methods=[GET],produces=[application/vnd.spring-boot.actuator.v1+json || application/json]}" onto public java.lang.Object org.springframework.boot.actuate.endpoint.mvc.EndpointMvcAdapter.invoke()
2017-07-28 11:35:31.089 [main] INFO  o.s.b.a.e.mvc.EndpointHandlerMapping -Mapped "{[/auditevents || /auditevents.json],methods=[GET],produces=[application/vnd.spring-boot.actuator.v1+json || application/json]}" onto public org.springframework.http.ResponseEntity<?> org.springframework.boot.actuate.endpoint.mvc.AuditEventsMvcEndpoint.findByPrincipalAndAfterAndType(java.lang.String,java.util.Date,java.lang.String)
2017-07-28 11:35:31.089 [main] INFO  o.s.b.a.e.mvc.EndpointHandlerMapping -Mapped "{[/restart || /restart.json],methods=[POST]}" onto public java.lang.Object org.springframework.cloud.context.restart.RestartMvcEndpoint.invoke()
2017-07-28 11:35:31.089 [main] INFO  o.s.b.a.e.mvc.EndpointHandlerMapping -Mapped "{[/env/{name:.*}],methods=[GET],produces=[application/vnd.spring-boot.actuator.v1+json || application/json]}" onto public java.lang.Object org.springframework.boot.actuate.endpoint.mvc.EnvironmentMvcEndpoint.value(java.lang.String)
2017-07-28 11:35:31.089 [main] INFO  o.s.b.a.e.mvc.EndpointHandlerMapping -Mapped "{[/env || /env.json],methods=[GET],produces=[application/vnd.spring-boot.actuator.v1+json || application/json]}" onto public java.lang.Object org.springframework.boot.actuate.endpoint.mvc.EndpointMvcAdapter.invoke()
2017-07-28 11:35:31.089 [main] INFO  o.s.b.a.e.mvc.EndpointHandlerMapping -Mapped "{[/pause || /pause.json],methods=[POST]}" onto public java.lang.Object org.springframework.cloud.endpoint.GenericPostableMvcEndpoint.invoke()
2017-07-28 11:35:31.089 [main] INFO  o.s.b.a.e.mvc.EndpointHandlerMapping -Mapped "{[/archaius || /archaius.json],methods=[GET],produces=[application/vnd.spring-boot.actuator.v1+json || application/json]}" onto public java.lang.Object org.springframework.boot.actuate.endpoint.mvc.EndpointMvcAdapter.invoke()
2017-07-28 11:35:31.089 [main] INFO  o.s.b.a.e.mvc.EndpointHandlerMapping -Mapped "{[/mappings || /mappings.json],methods=[GET],produces=[application/vnd.spring-boot.actuator.v1+json || application/json]}" onto public java.lang.Object org.springframework.boot.actuate.endpoint.mvc.EndpointMvcAdapter.invoke()
2017-07-28 11:35:31.099 [main] INFO  o.s.b.a.e.mvc.EndpointHandlerMapping -Mapped "{[/info || /info.json],methods=[GET],produces=[application/vnd.spring-boot.actuator.v1+json || application/json]}" onto public java.lang.Object org.springframework.boot.actuate.endpoint.mvc.EndpointMvcAdapter.invoke()
2017-07-28 11:35:31.099 [main] INFO  o.s.b.a.e.mvc.EndpointHandlerMapping -Mapped "{[/refresh || /refresh.json],methods=[POST]}" onto public java.lang.Object org.springframework.cloud.endpoint.GenericPostableMvcEndpoint.invoke()
2017-07-28 11:35:31.099 [main] INFO  o.s.b.a.e.mvc.EndpointHandlerMapping -Mapped "{[/health || /health.json],methods=[GET],produces=[application/vnd.spring-boot.actuator.v1+json || application/json]}" onto public java.lang.Object org.springframework.boot.actuate.endpoint.mvc.HealthMvcEndpoint.invoke(javax.servlet.http.HttpServletRequest,java.security.Principal)
2017-07-28 11:35:31.099 [main] INFO  o.s.b.a.e.mvc.EndpointHandlerMapping -Mapped "{[/metrics/{name:.*}],methods=[GET],produces=[application/vnd.spring-boot.actuator.v1+json || application/json]}" onto public java.lang.Object org.springframework.boot.actuate.endpoint.mvc.MetricsMvcEndpoint.value(java.lang.String)
2017-07-28 11:35:31.099 [main] INFO  o.s.b.a.e.mvc.EndpointHandlerMapping -Mapped "{[/metrics || /metrics.json],methods=[GET],produces=[application/vnd.spring-boot.actuator.v1+json || application/json]}" onto public java.lang.Object org.springframework.boot.actuate.endpoint.mvc.EndpointMvcAdapter.invoke()
2017-07-28 11:35:31.199 [main] INFO  o.s.u.f.SpringTemplateLoader -SpringTemplateLoader for FreeMarker: using resource loader [org.springframework.boot.context.embedded.AnnotationConfigEmbeddedWebApplicationContext@621dd45b: startup date [Fri Jul 28 11:35:26 CST 2017]; parent: org.springframework.context.annotation.AnnotationConfigApplicationContext@1f2495d] and template loader path [classpath:/templates/]
2017-07-28 11:35:31.199 [main] INFO  o.s.w.s.v.f.FreeMarkerConfigurer -ClassTemplateLoader for Spring macros added to FreeMarker configuration
2017-07-28 11:35:31.289 [main] WARN  c.n.c.sources.URLConfigurationSource -No URLs will be polled as dynamic configuration sources.
2017-07-28 11:35:31.289 [main] INFO  c.n.c.sources.URLConfigurationSource -To enable URLs as dynamic configuration sources, define System property archaius.configurationSource.additionalUrls or make config.properties available on classpath.
2017-07-28 11:35:31.289 [main] WARN  c.n.c.sources.URLConfigurationSource -No URLs will be polled as dynamic configuration sources.
2017-07-28 11:35:31.289 [main] INFO  c.n.c.sources.URLConfigurationSource -To enable URLs as dynamic configuration sources, define System property archaius.configurationSource.additionalUrls or make config.properties available on classpath.
2017-07-28 11:35:31.388 [main] INFO  o.s.j.e.a.AnnotationMBeanExporter -Registering beans for JMX exposure on startup
2017-07-28 11:35:31.392 [main] INFO  o.s.j.e.a.AnnotationMBeanExporter -Bean with name 'refreshScope' has been autodetected for JMX exposure
2017-07-28 11:35:31.392 [main] INFO  o.s.j.e.a.AnnotationMBeanExporter -Bean with name 'environmentManager' has been autodetected for JMX exposure
2017-07-28 11:35:31.392 [main] INFO  o.s.j.e.a.AnnotationMBeanExporter -Bean with name 'configurationPropertiesRebinder' has been autodetected for JMX exposure
2017-07-28 11:35:31.392 [main] INFO  o.s.j.e.a.AnnotationMBeanExporter -Bean with name 'refreshEndpoint' has been autodetected for JMX exposure
2017-07-28 11:35:31.392 [main] INFO  o.s.j.e.a.AnnotationMBeanExporter -Bean with name 'restartEndpoint' has been autodetected for JMX exposure
2017-07-28 11:35:31.392 [main] INFO  o.s.j.e.a.AnnotationMBeanExporter -Located managed bean 'environmentManager': registering with JMX server as MBean [org.springframework.cloud.context.environment:name=environmentManager,type=EnvironmentManager]
2017-07-28 11:35:31.422 [main] INFO  o.s.j.e.a.AnnotationMBeanExporter -Located managed bean 'refreshScope': registering with JMX server as MBean [org.springframework.cloud.context.scope.refresh:name=refreshScope,type=RefreshScope]
2017-07-28 11:35:31.432 [main] INFO  o.s.j.e.a.AnnotationMBeanExporter -Located managed bean 'restartEndpoint': registering with JMX server as MBean [org.springframework.cloud.context.restart:name=restartEndpoint,type=RestartEndpoint]
2017-07-28 11:35:31.442 [main] INFO  o.s.j.e.a.AnnotationMBeanExporter -Located managed bean 'refreshEndpoint': registering with JMX server as MBean [org.springframework.cloud.endpoint:name=refreshEndpoint,type=RefreshEndpoint]
2017-07-28 11:35:31.442 [main] INFO  o.s.j.e.a.AnnotationMBeanExporter -Located managed bean 'configurationPropertiesRebinder': registering with JMX server as MBean [org.springframework.cloud.context.properties:name=configurationPropertiesRebinder,context=621dd45b,type=ConfigurationPropertiesRebinder]
2017-07-28 11:35:31.442 [main] INFO  o.s.b.a.e.jmx.EndpointMBeanExporter -Registering beans for JMX exposure on startup
2017-07-28 11:35:31.582 [main] INFO  o.s.c.s.DefaultLifecycleProcessor -Starting beans in phase 0
2017-07-28 11:35:31.582 [Thread-24] INFO  o.s.c.n.e.s.EurekaServerBootstrap -Setting the eureka configuration..
2017-07-28 11:35:31.582 [main] INFO  o.s.c.n.e.EurekaDiscoveryClientConfiguration -Registering application eureka-server with eureka with status UP
2017-07-28 11:35:31.582 [Thread-24] INFO  o.s.c.n.e.s.EurekaServerBootstrap -Eureka data center value eureka.datacenter is not set, defaulting to default
2017-07-28 11:35:31.582 [Thread-24] INFO  o.s.c.n.e.s.EurekaServerBootstrap -Eureka environment value eureka.environment is not set, defaulting to test
2017-07-28 11:35:31.582 [main] INFO  o.s.b.a.e.jmx.EndpointMBeanExporter -Located managed bean 'auditEventsEndpoint': registering with JMX server as MBean [org.springframework.boot:type=Endpoint,name=auditEventsEndpoint]
2017-07-28 11:35:31.592 [main] INFO  o.s.b.a.e.jmx.EndpointMBeanExporter -Located managed bean 'featuresEndpoint': registering with JMX server as MBean [org.springframework.boot:type=Endpoint,name=featuresEndpoint]
2017-07-28 11:35:31.592 [Thread-24] INFO  o.s.c.n.e.s.EurekaServerBootstrap -isAws returned false
2017-07-28 11:35:31.592 [Thread-24] INFO  o.s.c.n.e.s.EurekaServerBootstrap -Initialized server context
2017-07-28 11:35:31.592 [Thread-24] INFO  c.n.e.r.PeerAwareInstanceRegistryImpl -Got 1 instances from neighboring DS node
2017-07-28 11:35:31.592 [Thread-24] INFO  c.n.e.r.PeerAwareInstanceRegistryImpl -Renew threshold is: 1
2017-07-28 11:35:31.592 [Thread-24] INFO  c.n.e.r.PeerAwareInstanceRegistryImpl -Changing status to UP
2017-07-28 11:35:31.602 [Thread-24] INFO  o.s.c.n.e.s.EurekaServerInitializerConfiguration -Started Eureka Server
2017-07-28 11:35:31.602 [main] INFO  o.s.b.a.e.jmx.EndpointMBeanExporter -Located managed bean 'requestMappingEndpoint': registering with JMX server as MBean [org.springframework.boot:type=Endpoint,name=requestMappingEndpoint]
2017-07-28 11:35:31.602 [main] INFO  o.s.b.a.e.jmx.EndpointMBeanExporter -Located managed bean 'environmentEndpoint': registering with JMX server as MBean [org.springframework.boot:type=Endpoint,name=environmentEndpoint]
2017-07-28 11:35:31.602 [main] INFO  o.s.b.a.e.jmx.EndpointMBeanExporter -Located managed bean 'healthEndpoint': registering with JMX server as MBean [org.springframework.boot:type=Endpoint,name=healthEndpoint]
2017-07-28 11:35:31.612 [main] INFO  o.s.b.a.e.jmx.EndpointMBeanExporter -Located managed bean 'beansEndpoint': registering with JMX server as MBean [org.springframework.boot:type=Endpoint,name=beansEndpoint]
2017-07-28 11:35:31.612 [main] INFO  o.s.b.a.e.jmx.EndpointMBeanExporter -Located managed bean 'infoEndpoint': registering with JMX server as MBean [org.springframework.boot:type=Endpoint,name=infoEndpoint]
2017-07-28 11:35:31.612 [main] INFO  o.s.b.a.e.jmx.EndpointMBeanExporter -Located managed bean 'loggersEndpoint': registering with JMX server as MBean [org.springframework.boot:type=Endpoint,name=loggersEndpoint]
2017-07-28 11:35:31.622 [main] INFO  o.s.b.a.e.jmx.EndpointMBeanExporter -Located managed bean 'metricsEndpoint': registering with JMX server as MBean [org.springframework.boot:type=Endpoint,name=metricsEndpoint]
2017-07-28 11:35:31.622 [main] INFO  o.s.b.a.e.jmx.EndpointMBeanExporter -Located managed bean 'traceEndpoint': registering with JMX server as MBean [org.springframework.boot:type=Endpoint,name=traceEndpoint]
2017-07-28 11:35:31.622 [main] INFO  o.s.b.a.e.jmx.EndpointMBeanExporter -Located managed bean 'dumpEndpoint': registering with JMX server as MBean [org.springframework.boot:type=Endpoint,name=dumpEndpoint]
2017-07-28 11:35:31.633 [main] INFO  o.s.b.a.e.jmx.EndpointMBeanExporter -Located managed bean 'autoConfigurationReportEndpoint': registering with JMX server as MBean [org.springframework.boot:type=Endpoint,name=autoConfigurationReportEndpoint]
2017-07-28 11:35:31.635 [main] INFO  o.s.b.a.e.jmx.EndpointMBeanExporter -Located managed bean 'configurationPropertiesReportEndpoint': registering with JMX server as MBean [org.springframework.boot:type=Endpoint,name=configurationPropertiesReportEndpoint]
2017-07-28 11:35:31.638 [main] INFO  o.s.b.a.e.jmx.EndpointMBeanExporter -Located managed bean 'archaiusEndpoint': registering with JMX server as MBean [org.springframework.boot:type=Endpoint,name=archaiusEndpoint]
2017-07-28 11:35:31.649 [main] INFO  o.a.coyote.http11.Http11NioProtocol -Initializing ProtocolHandler ["http-nio-7070"]
2017-07-28 11:35:31.659 [main] INFO  o.a.coyote.http11.Http11NioProtocol -Starting ProtocolHandler [http-nio-7070]
2017-07-28 11:35:31.669 [main] INFO  o.a.tomcat.util.net.NioSelectorPool -Using a shared selector for servlet write/read
2017-07-28 11:35:31.679 [main] INFO  o.s.b.c.e.t.TomcatEmbeddedServletContainer -Tomcat started on port(s): 7070 (http)
2017-07-28 11:35:31.679 [main] INFO  o.s.c.n.e.EurekaDiscoveryClientConfiguration -Updating port to 7070
2017-07-28 11:35:31.679 [main] INFO  com.cloud.EurekaServer -Started EurekaServer in 6.326 seconds (JVM running for 7.097)
2017-07-28 11:36:31.592 [Eureka-EvictionTimer] INFO  c.n.e.r.AbstractInstanceRegistry -Running the evict task with compensationTime 0ms
2017-07-28 11:36:42.251 [http-nio-7070-exec-1] INFO  o.a.c.c.C.[Tomcat].[localhost].[/] -Initializing Spring FrameworkServlet 'dispatcherServlet'
2017-07-28 11:36:42.251 [http-nio-7070-exec-1] INFO  o.s.web.servlet.DispatcherServlet -FrameworkServlet 'dispatcherServlet': initialization started
2017-07-28 11:36:42.272 [http-nio-7070-exec-1] INFO  o.s.web.servlet.DispatcherServlet -FrameworkServlet 'dispatcherServlet': initialization completed in 21 ms
2017-07-28 11:37:31.593 [Eureka-EvictionTimer] INFO  c.n.e.r.AbstractInstanceRegistry -Running the evict task with compensationTime 0ms
2017-07-28 11:38:31.598 [Eureka-EvictionTimer] INFO  c.n.e.r.AbstractInstanceRegistry -Running the evict task with compensationTime 1ms
2017-07-28 11:39:31.607 [Eureka-EvictionTimer] INFO  c.n.e.r.AbstractInstanceRegistry -Running the evict task with compensationTime 4ms
2017-07-28 11:40:31.607 [Eureka-EvictionTimer] INFO  c.n.e.r.AbstractInstanceRegistry -Running the evict task with compensationTime 0ms
2017-07-28 11:41:31.613 [Eureka-EvictionTimer] INFO  c.n.e.r.AbstractInstanceRegistry -Running the evict task with compensationTime 1ms
2017-07-28 11:42:31.619 [Eureka-EvictionTimer] INFO  c.n.e.r.AbstractInstanceRegistry -Running the evict task with compensationTime 1ms
2017-07-28 11:43:31.619 [Eureka-EvictionTimer] INFO  c.n.e.r.AbstractInstanceRegistry -Running the evict task with compensationTime 0ms
2017-07-28 11:44:31.619 [Eureka-EvictionTimer] INFO  c.n.e.r.AbstractInstanceRegistry -Running the evict task with compensationTime 0ms
2017-07-28 11:45:31.625 [Eureka-EvictionTimer] INFO  c.n.e.r.AbstractInstanceRegistry -Running the evict task with compensationTime 2ms
2017-07-28 11:46:31.628 [Eureka-EvictionTimer] INFO  c.n.e.r.AbstractInstanceRegistry -Running the evict task with compensationTime 0ms
2017-07-28 11:47:31.636 [Eureka-EvictionTimer] INFO  c.n.e.r.AbstractInstanceRegistry -Running the evict task with compensationTime 3ms
2017-07-28 11:48:31.636 [Eureka-EvictionTimer] INFO  c.n.e.r.AbstractInstanceRegistry -Running the evict task with compensationTime 0ms
2017-07-28 11:49:31.641 [Eureka-EvictionTimer] INFO  c.n.e.r.AbstractInstanceRegistry -Running the evict task with compensationTime 0ms
2017-07-28 11:50:29.940 [ReplicaAwareInstanceRegistry - RenewalThresholdUpdater] INFO  c.n.e.r.PeerAwareInstanceRegistryImpl -Current renewal threshold is : 1
2017-07-28 11:50:31.648 [Eureka-EvictionTimer] INFO  c.n.e.r.AbstractInstanceRegistry -Running the evict task with compensationTime 2ms
2017-07-28 11:51:31.650 [Eureka-EvictionTimer] INFO  c.n.e.r.AbstractInstanceRegistry -Running the evict task with compensationTime 0ms
2017-07-28 11:52:31.654 [Eureka-EvictionTimer] INFO  c.n.e.r.AbstractInstanceRegistry -Running the evict task with compensationTime 0ms
2017-07-28 11:53:31.654 [Eureka-EvictionTimer] INFO  c.n.e.r.AbstractInstanceRegistry -Running the evict task with compensationTime 0ms
2017-07-28 11:54:31.656 [Eureka-EvictionTimer] INFO  c.n.e.r.AbstractInstanceRegistry -Running the evict task with compensationTime 0ms
2017-07-28 11:55:31.662 [Eureka-EvictionTimer] INFO  c.n.e.r.AbstractInstanceRegistry -Running the evict task with compensationTime 1ms
2017-07-28 11:56:31.664 [Eureka-EvictionTimer] INFO  c.n.e.r.AbstractInstanceRegistry -Running the evict task with compensationTime 0ms
2017-07-28 11:57:31.667 [Eureka-EvictionTimer] INFO  c.n.e.r.AbstractInstanceRegistry -Running the evict task with compensationTime 0ms
2017-07-28 11:58:31.670 [Eureka-EvictionTimer] INFO  c.n.e.r.AbstractInstanceRegistry -Running the evict task with compensationTime 0ms
2017-07-28 11:59:31.670 [Eureka-EvictionTimer] INFO  c.n.e.r.AbstractInstanceRegistry -Running the evict task with compensationTime 0ms
2017-07-28 12:00:31.670 [Eureka-EvictionTimer] INFO  c.n.e.r.AbstractInstanceRegistry -Running the evict task with compensationTime 0ms
2017-07-28 12:01:31.670 [Eureka-EvictionTimer] INFO  c.n.e.r.AbstractInstanceRegistry -Running the evict task with compensationTime 0ms
2017-07-28 12:02:31.670 [Eureka-EvictionTimer] INFO  c.n.e.r.AbstractInstanceRegistry -Running the evict task with compensationTime 0ms
2017-07-28 12:03:31.670 [Eureka-EvictionTimer] INFO  c.n.e.r.AbstractInstanceRegistry -Running the evict task with compensationTime 0ms
2017-07-28 12:04:31.670 [Eureka-EvictionTimer] INFO  c.n.e.r.AbstractInstanceRegistry -Running the evict task with compensationTime 0ms
2017-07-28 12:05:29.940 [ReplicaAwareInstanceRegistry - RenewalThresholdUpdater] INFO  c.n.e.r.PeerAwareInstanceRegistryImpl -Current renewal threshold is : 1
2017-07-28 12:05:31.670 [Eureka-EvictionTimer] INFO  c.n.e.r.AbstractInstanceRegistry -Running the evict task with compensationTime 0ms
2017-07-28 12:06:31.670 [Eureka-EvictionTimer] INFO  c.n.e.r.AbstractInstanceRegistry -Running the evict task with compensationTime 0ms
2017-07-28 12:07:31.670 [Eureka-EvictionTimer] INFO  c.n.e.r.AbstractInstanceRegistry -Running the evict task with compensationTime 0ms
2017-07-28 12:08:31.670 [Eureka-EvictionTimer] INFO  c.n.e.r.AbstractInstanceRegistry -Running the evict task with compensationTime 0ms
2017-07-28 12:09:31.670 [Eureka-EvictionTimer] INFO  c.n.e.r.AbstractInstanceRegistry -Running the evict task with compensationTime 0ms
2017-07-28 12:10:31.670 [Eureka-EvictionTimer] INFO  c.n.e.r.AbstractInstanceRegistry -Running the evict task with compensationTime 0ms
2017-07-28 12:11:31.670 [Eureka-EvictionTimer] INFO  c.n.e.r.AbstractInstanceRegistry -Running the evict task with compensationTime 0ms
2017-07-28 12:12:31.670 [Eureka-EvictionTimer] INFO  c.n.e.r.AbstractInstanceRegistry -Running the evict task with compensationTime 0ms
2017-07-28 12:13:31.670 [Eureka-EvictionTimer] INFO  c.n.e.r.AbstractInstanceRegistry -Running the evict task with compensationTime 0ms
2017-07-28 12:14:31.670 [Eureka-EvictionTimer] INFO  c.n.e.r.AbstractInstanceRegistry -Running the evict task with compensationTime 0ms
2017-07-28 12:15:31.670 [Eureka-EvictionTimer] INFO  c.n.e.r.AbstractInstanceRegistry -Running the evict task with compensationTime 0ms
2017-07-28 12:16:31.670 [Eureka-EvictionTimer] INFO  c.n.e.r.AbstractInstanceRegistry -Running the evict task with compensationTime 0ms
2017-07-28 12:17:31.670 [Eureka-EvictionTimer] INFO  c.n.e.r.AbstractInstanceRegistry -Running the evict task with compensationTime 0ms
2017-07-28 12:18:31.671 [Eureka-EvictionTimer] INFO  c.n.e.r.AbstractInstanceRegistry -Running the evict task with compensationTime 0ms
2017-07-28 12:19:31.671 [Eureka-EvictionTimer] INFO  c.n.e.r.AbstractInstanceRegistry -Running the evict task with compensationTime 0ms
2017-07-28 12:20:29.941 [ReplicaAwareInstanceRegistry - RenewalThresholdUpdater] INFO  c.n.e.r.PeerAwareInstanceRegistryImpl -Current renewal threshold is : 1
2017-07-28 12:20:31.671 [Eureka-EvictionTimer] INFO  c.n.e.r.AbstractInstanceRegistry -Running the evict task with compensationTime 0ms
2017-07-28 12:21:31.671 [Eureka-EvictionTimer] INFO  c.n.e.r.AbstractInstanceRegistry -Running the evict task with compensationTime 0ms
2017-07-28 12:22:31.671 [Eureka-EvictionTimer] INFO  c.n.e.r.AbstractInstanceRegistry -Running the evict task with compensationTime 0ms
2017-07-28 12:23:31.671 [Eureka-EvictionTimer] INFO  c.n.e.r.AbstractInstanceRegistry -Running the evict task with compensationTime 0ms
2017-07-28 12:24:31.671 [Eureka-EvictionTimer] INFO  c.n.e.r.AbstractInstanceRegistry -Running the evict task with compensationTime 0ms
2017-07-28 12:25:31.671 [Eureka-EvictionTimer] INFO  c.n.e.r.AbstractInstanceRegistry -Running the evict task with compensationTime 0ms
2017-07-28 12:26:31.671 [Eureka-EvictionTimer] INFO  c.n.e.r.AbstractInstanceRegistry -Running the evict task with compensationTime 0ms
2017-07-28 12:27:31.671 [Eureka-EvictionTimer] INFO  c.n.e.r.AbstractInstanceRegistry -Running the evict task with compensationTime 0ms
2017-07-28 12:28:31.671 [Eureka-EvictionTimer] INFO  c.n.e.r.AbstractInstanceRegistry -Running the evict task with compensationTime 0ms
2017-07-28 12:29:31.671 [Eureka-EvictionTimer] INFO  c.n.e.r.AbstractInstanceRegistry -Running the evict task with compensationTime 0ms
2017-07-28 12:30:31.671 [Eureka-EvictionTimer] INFO  c.n.e.r.AbstractInstanceRegistry -Running the evict task with compensationTime 0ms
2017-07-28 12:31:31.671 [Eureka-EvictionTimer] INFO  c.n.e.r.AbstractInstanceRegistry -Running the evict task with compensationTime 0ms
2017-07-28 12:32:31.671 [Eureka-EvictionTimer] INFO  c.n.e.r.AbstractInstanceRegistry -Running the evict task with compensationTime 0ms
2017-07-28 12:33:31.671 [Eureka-EvictionTimer] INFO  c.n.e.r.AbstractInstanceRegistry -Running the evict task with compensationTime 0ms
2017-07-28 12:34:31.671 [Eureka-EvictionTimer] INFO  c.n.e.r.AbstractInstanceRegistry -Running the evict task with compensationTime 0ms
2017-07-28 12:35:29.941 [ReplicaAwareInstanceRegistry - RenewalThresholdUpdater] INFO  c.n.e.r.PeerAwareInstanceRegistryImpl -Current renewal threshold is : 1
2017-07-28 12:35:31.671 [Eureka-EvictionTimer] INFO  c.n.e.r.AbstractInstanceRegistry -Running the evict task with compensationTime 0ms
2017-07-28 12:36:31.671 [Eureka-EvictionTimer] INFO  c.n.e.r.AbstractInstanceRegistry -Running the evict task with compensationTime 0ms
2017-07-28 12:37:31.671 [Eureka-EvictionTimer] INFO  c.n.e.r.AbstractInstanceRegistry -Running the evict task with compensationTime 0ms
2017-07-28 12:38:31.671 [Eureka-EvictionTimer] INFO  c.n.e.r.AbstractInstanceRegistry -Running the evict task with compensationTime 0ms
2017-07-28 12:39:31.671 [Eureka-EvictionTimer] INFO  c.n.e.r.AbstractInstanceRegistry -Running the evict task with compensationTime 0ms
2017-07-28 12:40:31.671 [Eureka-EvictionTimer] INFO  c.n.e.r.AbstractInstanceRegistry -Running the evict task with compensationTime 0ms
2017-07-28 12:41:31.671 [Eureka-EvictionTimer] INFO  c.n.e.r.AbstractInstanceRegistry -Running the evict task with compensationTime 0ms
2017-07-28 12:42:31.671 [Eureka-EvictionTimer] INFO  c.n.e.r.AbstractInstanceRegistry -Running the evict task with compensationTime 0ms
2017-07-28 12:43:31.671 [Eureka-EvictionTimer] INFO  c.n.e.r.AbstractInstanceRegistry -Running the evict task with compensationTime 0ms
2017-07-28 12:44:31.671 [Eureka-EvictionTimer] INFO  c.n.e.r.AbstractInstanceRegistry -Running the evict task with compensationTime 0ms
2017-07-28 12:45:31.671 [Eureka-EvictionTimer] INFO  c.n.e.r.AbstractInstanceRegistry -Running the evict task with compensationTime 0ms
2017-07-28 12:46:31.671 [Eureka-EvictionTimer] INFO  c.n.e.r.AbstractInstanceRegistry -Running the evict task with compensationTime 0ms
2017-07-28 12:47:31.671 [Eureka-EvictionTimer] INFO  c.n.e.r.AbstractInstanceRegistry -Running the evict task with compensationTime 0ms
2017-07-28 12:48:31.671 [Eureka-EvictionTimer] INFO  c.n.e.r.AbstractInstanceRegistry -Running the evict task with compensationTime 0ms
2017-07-28 12:49:31.675 [Eureka-EvictionTimer] INFO  c.n.e.r.AbstractInstanceRegistry -Running the evict task with compensationTime 0ms
2017-07-28 12:50:29.943 [ReplicaAwareInstanceRegistry - RenewalThresholdUpdater] INFO  c.n.e.r.PeerAwareInstanceRegistryImpl -Current renewal threshold is : 1
2017-07-28 12:50:31.679 [Eureka-EvictionTimer] INFO  c.n.e.r.AbstractInstanceRegistry -Running the evict task with compensationTime 0ms
2017-07-28 12:51:31.683 [Eureka-EvictionTimer] INFO  c.n.e.r.AbstractInstanceRegistry -Running the evict task with compensationTime 0ms
2017-07-28 12:52:31.686 [Eureka-EvictionTimer] INFO  c.n.e.r.AbstractInstanceRegistry -Running the evict task with compensationTime 0ms
2017-07-28 12:53:31.687 [Eureka-EvictionTimer] INFO  c.n.e.r.AbstractInstanceRegistry -Running the evict task with compensationTime 0ms
2017-07-28 12:54:31.687 [Eureka-EvictionTimer] INFO  c.n.e.r.AbstractInstanceRegistry -Running the evict task with compensationTime 0ms
2017-07-28 12:55:31.687 [Eureka-EvictionTimer] INFO  c.n.e.r.AbstractInstanceRegistry -Running the evict task with compensationTime 0ms
2017-07-28 12:56:31.696 [Eureka-EvictionTimer] INFO  c.n.e.r.AbstractInstanceRegistry -Running the evict task with compensationTime 4ms
2017-07-28 12:57:31.698 [Eureka-EvictionTimer] INFO  c.n.e.r.AbstractInstanceRegistry -Running the evict task with compensationTime 0ms
2017-07-28 12:58:31.698 [Eureka-EvictionTimer] INFO  c.n.e.r.AbstractInstanceRegistry -Running the evict task with compensationTime 0ms
2017-07-28 12:59:31.701 [Eureka-EvictionTimer] INFO  c.n.e.r.AbstractInstanceRegistry -Running the evict task with compensationTime 0ms
2017-07-28 13:00:31.704 [Eureka-EvictionTimer] INFO  c.n.e.r.AbstractInstanceRegistry -Running the evict task with compensationTime 0ms
2017-07-28 13:01:31.713 [Eureka-EvictionTimer] INFO  c.n.e.r.AbstractInstanceRegistry -Running the evict task with compensationTime 4ms
2017-07-28 13:02:31.719 [Eureka-EvictionTimer] INFO  c.n.e.r.AbstractInstanceRegistry -Running the evict task with compensationTime 1ms
2017-07-28 13:03:31.722 [Eureka-EvictionTimer] INFO  c.n.e.r.AbstractInstanceRegistry -Running the evict task with compensationTime 0ms
2017-07-28 13:04:31.727 [Eureka-EvictionTimer] INFO  c.n.e.r.AbstractInstanceRegistry -Running the evict task with compensationTime 0ms
2017-07-28 13:05:29.951 [ReplicaAwareInstanceRegistry - RenewalThresholdUpdater] INFO  c.n.e.r.PeerAwareInstanceRegistryImpl -Current renewal threshold is : 1
2017-07-28 13:05:31.732 [Eureka-EvictionTimer] INFO  c.n.e.r.AbstractInstanceRegistry -Running the evict task with compensationTime 0ms
2017-07-28 13:06:31.738 [Eureka-EvictionTimer] INFO  c.n.e.r.AbstractInstanceRegistry -Running the evict task with compensationTime 1ms
2017-07-28 13:07:31.743 [Eureka-EvictionTimer] INFO  c.n.e.r.AbstractInstanceRegistry -Running the evict task with compensationTime 0ms
2017-07-28 13:08:31.751 [Eureka-EvictionTimer] INFO  c.n.e.r.AbstractInstanceRegistry -Running the evict task with compensationTime 3ms
2017-07-28 13:09:31.755 [Eureka-EvictionTimer] INFO  c.n.e.r.AbstractInstanceRegistry -Running the evict task with compensationTime 0ms
2017-07-28 13:10:31.755 [Eureka-EvictionTimer] INFO  c.n.e.r.AbstractInstanceRegistry -Running the evict task with compensationTime 0ms
2017-07-28 13:11:31.755 [Eureka-EvictionTimer] INFO  c.n.e.r.AbstractInstanceRegistry -Running the evict task with compensationTime 0ms
2017-07-28 13:12:31.759 [Eureka-EvictionTimer] INFO  c.n.e.r.AbstractInstanceRegistry -Running the evict task with compensationTime 0ms
2017-07-28 13:13:31.761 [Eureka-EvictionTimer] INFO  c.n.e.r.AbstractInstanceRegistry -Running the evict task with compensationTime 0ms
2017-07-28 13:14:31.770 [Eureka-EvictionTimer] INFO  c.n.e.r.AbstractInstanceRegistry -Running the evict task with compensationTime 4ms
2017-07-28 13:15:31.771 [Eureka-EvictionTimer] INFO  c.n.e.r.AbstractInstanceRegistry -Running the evict task with compensationTime 0ms
2017-07-28 13:16:31.777 [Eureka-EvictionTimer] INFO  c.n.e.r.AbstractInstanceRegistry -Running the evict task with compensationTime 1ms
2017-07-28 13:17:31.779 [Eureka-EvictionTimer] INFO  c.n.e.r.AbstractInstanceRegistry -Running the evict task with compensationTime 0ms
2017-07-28 13:18:31.785 [Eureka-EvictionTimer] INFO  c.n.e.r.AbstractInstanceRegistry -Running the evict task with compensationTime 1ms
2017-07-28 13:19:31.791 [Eureka-EvictionTimer] INFO  c.n.e.r.AbstractInstanceRegistry -Running the evict task with compensationTime 1ms
2017-07-28 13:20:29.951 [ReplicaAwareInstanceRegistry - RenewalThresholdUpdater] INFO  c.n.e.r.PeerAwareInstanceRegistryImpl -Current renewal threshold is : 1
2017-07-28 13:20:31.797 [Eureka-EvictionTimer] INFO  c.n.e.r.AbstractInstanceRegistry -Running the evict task with compensationTime 1ms
2017-07-28 13:21:31.799 [Eureka-EvictionTimer] INFO  c.n.e.r.AbstractInstanceRegistry -Running the evict task with compensationTime 0ms
2017-07-28 13:22:31.805 [Eureka-EvictionTimer] INFO  c.n.e.r.AbstractInstanceRegistry -Running the evict task with compensationTime 1ms
2017-07-28 13:23:31.809 [Eureka-EvictionTimer] INFO  c.n.e.r.AbstractInstanceRegistry -Running the evict task with compensationTime 0ms
2017-07-28 13:24:31.814 [Eureka-EvictionTimer] INFO  c.n.e.r.AbstractInstanceRegistry -Running the evict task with compensationTime 0ms
2017-07-28 13:25:31.814 [Eureka-EvictionTimer] INFO  c.n.e.r.AbstractInstanceRegistry -Running the evict task with compensationTime 0ms
2017-07-28 13:26:31.819 [Eureka-EvictionTimer] INFO  c.n.e.r.AbstractInstanceRegistry -Running the evict task with compensationTime 0ms
2017-07-28 13:27:31.827 [Eureka-EvictionTimer] INFO  c.n.e.r.AbstractInstanceRegistry -Running the evict task with compensationTime 3ms
2017-07-28 13:28:31.828 [Eureka-EvictionTimer] INFO  c.n.e.r.AbstractInstanceRegistry -Running the evict task with compensationTime 0ms
2017-07-28 13:29:31.834 [Eureka-EvictionTimer] INFO  c.n.e.r.AbstractInstanceRegistry -Running the evict task with compensationTime 1ms
2017-07-28 13:30:31.837 [Eureka-EvictionTimer] INFO  c.n.e.r.AbstractInstanceRegistry -Running the evict task with compensationTime 0ms
2017-07-28 13:31:31.843 [Eureka-EvictionTimer] INFO  c.n.e.r.AbstractInstanceRegistry -Running the evict task with compensationTime 1ms
2017-07-28 13:32:31.848 [Eureka-EvictionTimer] INFO  c.n.e.r.AbstractInstanceRegistry -Running the evict task with compensationTime 0ms
2017-07-28 13:33:31.855 [Eureka-EvictionTimer] INFO  c.n.e.r.AbstractInstanceRegistry -Running the evict task with compensationTime 2ms
2017-07-28 13:34:31.856 [Eureka-EvictionTimer] INFO  c.n.e.r.AbstractInstanceRegistry -Running the evict task with compensationTime 0ms
2017-07-28 13:35:29.956 [ReplicaAwareInstanceRegistry - RenewalThresholdUpdater] INFO  c.n.e.r.PeerAwareInstanceRegistryImpl -Current renewal threshold is : 1
2017-07-28 13:35:31.863 [Eureka-EvictionTimer] INFO  c.n.e.r.AbstractInstanceRegistry -Running the evict task with compensationTime 2ms
2017-07-28 13:36:31.870 [Eureka-EvictionTimer] INFO  c.n.e.r.AbstractInstanceRegistry -Running the evict task with compensationTime 2ms
2017-07-28 13:37:31.871 [Eureka-EvictionTimer] INFO  c.n.e.r.AbstractInstanceRegistry -Running the evict task with compensationTime 0ms
2017-07-28 13:38:31.876 [Eureka-EvictionTimer] INFO  c.n.e.r.AbstractInstanceRegistry -Running the evict task with compensationTime 0ms
2017-07-28 13:39:31.879 [Eureka-EvictionTimer] INFO  c.n.e.r.AbstractInstanceRegistry -Running the evict task with compensationTime 0ms
2017-07-28 13:40:31.885 [Eureka-EvictionTimer] INFO  c.n.e.r.AbstractInstanceRegistry -Running the evict task with compensationTime 1ms
2017-07-28 13:41:31.892 [Eureka-EvictionTimer] INFO  c.n.e.r.AbstractInstanceRegistry -Running the evict task with compensationTime 2ms
2017-07-28 13:42:31.901 [Eureka-EvictionTimer] INFO  c.n.e.r.AbstractInstanceRegistry -Running the evict task with compensationTime 4ms
2017-07-28 13:43:31.913 [Eureka-EvictionTimer] INFO  c.n.e.r.AbstractInstanceRegistry -Running the evict task with compensationTime 7ms
2017-07-28 13:44:31.913 [Eureka-EvictionTimer] INFO  c.n.e.r.AbstractInstanceRegistry -Running the evict task with compensationTime 0ms
2017-07-28 13:45:31.921 [Eureka-EvictionTimer] INFO  c.n.e.r.AbstractInstanceRegistry -Running the evict task with compensationTime 3ms
2017-07-28 13:46:31.921 [Eureka-EvictionTimer] INFO  c.n.e.r.AbstractInstanceRegistry -Running the evict task with compensationTime 0ms
2017-07-28 13:47:31.931 [Eureka-EvictionTimer] INFO  c.n.e.r.AbstractInstanceRegistry -Running the evict task with compensationTime 6ms
2017-07-28 13:48:31.932 [Eureka-EvictionTimer] INFO  c.n.e.r.AbstractInstanceRegistry -Running the evict task with compensationTime 0ms
2017-07-28 13:49:31.946 [Eureka-EvictionTimer] INFO  c.n.e.r.AbstractInstanceRegistry -Running the evict task with compensationTime 9ms
2017-07-28 13:50:29.956 [ReplicaAwareInstanceRegistry - RenewalThresholdUpdater] INFO  c.n.e.r.PeerAwareInstanceRegistryImpl -Current renewal threshold is : 1
2017-07-28 13:50:31.953 [Eureka-EvictionTimer] INFO  c.n.e.r.AbstractInstanceRegistry -Running the evict task with compensationTime 2ms
2017-07-28 13:51:31.954 [Eureka-EvictionTimer] INFO  c.n.e.r.AbstractInstanceRegistry -Running the evict task with compensationTime 0ms
2017-07-28 13:52:31.961 [Eureka-EvictionTimer] INFO  c.n.e.r.AbstractInstanceRegistry -Running the evict task with compensationTime 2ms
2017-07-28 13:53:31.961 [Eureka-EvictionTimer] INFO  c.n.e.r.AbstractInstanceRegistry -Running the evict task with compensationTime 0ms
2017-07-28 13:54:31.967 [Eureka-EvictionTimer] INFO  c.n.e.r.AbstractInstanceRegistry -Running the evict task with compensationTime 2ms
2017-07-28 13:55:31.976 [Eureka-EvictionTimer] INFO  c.n.e.r.AbstractInstanceRegistry -Running the evict task with compensationTime 4ms
2017-07-28 13:56:31.985 [Eureka-EvictionTimer] INFO  c.n.e.r.AbstractInstanceRegistry -Running the evict task with compensationTime 4ms
2017-07-28 13:57:31.996 [Eureka-EvictionTimer] INFO  c.n.e.r.AbstractInstanceRegistry -Running the evict task with compensationTime 6ms
2017-07-28 13:58:32.004 [Eureka-EvictionTimer] INFO  c.n.e.r.AbstractInstanceRegistry -Running the evict task with compensationTime 4ms
2017-07-28 13:59:32.005 [Eureka-EvictionTimer] INFO  c.n.e.r.AbstractInstanceRegistry -Running the evict task with compensationTime 0ms
2017-07-28 14:00:32.019 [Eureka-EvictionTimer] INFO  c.n.e.r.AbstractInstanceRegistry -Running the evict task with compensationTime 10ms
2017-07-28 14:01:32.028 [Eureka-EvictionTimer] INFO  c.n.e.r.AbstractInstanceRegistry -Running the evict task with compensationTime 4ms
2017-07-28 14:02:32.037 [Eureka-EvictionTimer] INFO  c.n.e.r.AbstractInstanceRegistry -Running the evict task with compensationTime 4ms
2017-07-28 14:03:32.041 [Eureka-EvictionTimer] INFO  c.n.e.r.AbstractInstanceRegistry -Running the evict task with compensationTime 0ms
2017-07-28 14:04:32.044 [Eureka-EvictionTimer] INFO  c.n.e.r.AbstractInstanceRegistry -Running the evict task with compensationTime 0ms
2017-07-28 14:05:29.958 [ReplicaAwareInstanceRegistry - RenewalThresholdUpdater] INFO  c.n.e.r.PeerAwareInstanceRegistryImpl -Current renewal threshold is : 1
2017-07-28 14:05:32.048 [Eureka-EvictionTimer] INFO  c.n.e.r.AbstractInstanceRegistry -Running the evict task with compensationTime 0ms
2017-07-28 14:06:32.055 [Eureka-EvictionTimer] INFO  c.n.e.r.AbstractInstanceRegistry -Running the evict task with compensationTime 2ms
2017-07-28 14:07:32.070 [Eureka-EvictionTimer] INFO  c.n.e.r.AbstractInstanceRegistry -Running the evict task with compensationTime 10ms
2017-07-28 14:08:32.076 [Eureka-EvictionTimer] INFO  c.n.e.r.AbstractInstanceRegistry -Running the evict task with compensationTime 1ms
2017-07-28 14:09:32.082 [Eureka-EvictionTimer] INFO  c.n.e.r.AbstractInstanceRegistry -Running the evict task with compensationTime 1ms
2017-07-28 14:10:32.088 [Eureka-EvictionTimer] INFO  c.n.e.r.AbstractInstanceRegistry -Running the evict task with compensationTime 1ms
2017-07-28 14:11:32.100 [Eureka-EvictionTimer] INFO  c.n.e.r.AbstractInstanceRegistry -Running the evict task with compensationTime 6ms
2017-07-28 14:12:32.100 [Eureka-EvictionTimer] INFO  c.n.e.r.AbstractInstanceRegistry -Running the evict task with compensationTime 0ms
2017-07-28 14:13:32.100 [Eureka-EvictionTimer] INFO  c.n.e.r.AbstractInstanceRegistry -Running the evict task with compensationTime 0ms
2017-07-28 14:14:32.102 [Eureka-EvictionTimer] INFO  c.n.e.r.AbstractInstanceRegistry -Running the evict task with compensationTime 0ms
2017-07-28 14:15:32.102 [Eureka-EvictionTimer] INFO  c.n.e.r.AbstractInstanceRegistry -Running the evict task with compensationTime 0ms
2017-07-28 14:16:32.103 [Eureka-EvictionTimer] INFO  c.n.e.r.AbstractInstanceRegistry -Running the evict task with compensationTime 0ms
2017-07-28 14:17:32.112 [Eureka-EvictionTimer] INFO  c.n.e.r.AbstractInstanceRegistry -Running the evict task with compensationTime 5ms
2017-07-28 14:18:32.112 [Eureka-EvictionTimer] INFO  c.n.e.r.AbstractInstanceRegistry -Running the evict task with compensationTime 0ms
2017-07-28 14:19:32.117 [Eureka-EvictionTimer] INFO  c.n.e.r.AbstractInstanceRegistry -Running the evict task with compensationTime 0ms
2017-07-28 14:20:29.962 [ReplicaAwareInstanceRegistry - RenewalThresholdUpdater] INFO  c.n.e.r.PeerAwareInstanceRegistryImpl -Current renewal threshold is : 1
2017-07-28 14:20:32.117 [Eureka-EvictionTimer] INFO  c.n.e.r.AbstractInstanceRegistry -Running the evict task with compensationTime 0ms
2017-07-28 14:21:32.117 [Eureka-EvictionTimer] INFO  c.n.e.r.AbstractInstanceRegistry -Running the evict task with compensationTime 0ms
2017-07-28 14:22:32.117 [Eureka-EvictionTimer] INFO  c.n.e.r.AbstractInstanceRegistry -Running the evict task with compensationTime 0ms
2017-07-28 14:23:32.117 [Eureka-EvictionTimer] INFO  c.n.e.r.AbstractInstanceRegistry -Running the evict task with compensationTime 0ms
2017-07-28 14:24:32.124 [Eureka-EvictionTimer] INFO  c.n.e.r.AbstractInstanceRegistry -Running the evict task with compensationTime 3ms
2017-07-28 14:25:32.131 [Eureka-EvictionTimer] INFO  c.n.e.r.AbstractInstanceRegistry -Running the evict task with compensationTime 2ms
2017-07-28 14:26:32.133 [Eureka-EvictionTimer] INFO  c.n.e.r.AbstractInstanceRegistry -Running the evict task with compensationTime 0ms
2017-07-28 14:27:32.141 [Eureka-EvictionTimer] INFO  c.n.e.r.AbstractInstanceRegistry -Running the evict task with compensationTime 3ms
2017-07-28 14:28:32.146 [Eureka-EvictionTimer] INFO  c.n.e.r.AbstractInstanceRegistry -Running the evict task with compensationTime 0ms
2017-07-28 14:29:32.152 [Eureka-EvictionTimer] INFO  c.n.e.r.AbstractInstanceRegistry -Running the evict task with compensationTime 1ms
2017-07-28 14:30:32.154 [Eureka-EvictionTimer] INFO  c.n.e.r.AbstractInstanceRegistry -Running the evict task with compensationTime 0ms
2017-07-28 14:31:32.155 [Eureka-EvictionTimer] INFO  c.n.e.r.AbstractInstanceRegistry -Running the evict task with compensationTime 0ms
